<?xml version="1.0" encoding="UTF-8"?>
<!-- Generated by org.testng.reporters.JUnitXMLReporter -->
<testsuite hostname="LTIN252923" ignored="0" name="Default test" tests="7" failures="0" timestamp="24 Oct 2021 09:12:42 GMT" time="35.221" errors="0">
  <testcase name="launchApplication" time="9.855" classname="tst.Runner"/>
  <testcase name="enterSourceLocation" time="1.792" classname="tst.Runner"/>
  <testcase name="enterDestLocation" time="1.705" classname="tst.Runner"/>
  <testcase name="clickDate" time="0.469" classname="tst.Runner"/>
  <testcase name="clickSearchButton" time="3.706" classname="tst.Runner"/>
  <testcase name="bookTicket" time="0.298" classname="tst.Runner"/>
  <testcase name="displayTicketPrice" time="0.622" classname="tst.Runner"/>
</testsuite> <!-- Default test -->
