<?xml version="1.0" encoding="UTF-8"?>
<!-- Generated by org.testng.reporters.JUnitXMLReporter -->
<testsuite ignored="0" hostname="MSI" failures="0" tests="3" name="Default test" time="59.807" errors="0" timestamp="22 Nov 2021 19:41:52 GMT">
  <testcase classname="tst.Runner" name="validateTicketPrice" time="11.981"/>
  <testcase classname="tst.Runner" name="validateTicketPrice" time="17.907"/>
  <testcase classname="tst.Runner" name="validateTicketPrice" time="18.148"/>
</testsuite> <!-- Default test -->
