<?xml version="1.0" encoding="UTF-8"?>
<!-- Generated by org.testng.reporters.JUnitXMLReporter -->
<testsuite ignored="0" hostname="DESKTOP-O3U77DS" failures="0" tests="3" name="Parallel test" time="5.043" errors="0" timestamp="15 Nov 2022 06:32:22 GMT">
  <testcase classname="tst.RunnerParallel" name="method1" time="2.021"/>
  <testcase classname="tst.RunnerParallel" name="method3" time="3.02"/>
  <testcase classname="tst.RunnerParallel" name="method2" time="5.022"/>
</testsuite> <!-- Parallel test -->
