<?xml version="1.0" encoding="UTF-8"?>
<testng-results ignored="0" total="3" passed="3" failed="0" skipped="0">
  <reporter-output>
  </reporter-output>
  <suite started-at="2021-11-22T19:40:52Z" name="Default suite" finished-at="2021-11-22T19:41:52Z" duration-ms="59807">
    <groups>
    </groups>
    <test started-at="2021-11-22T19:40:52Z" name="Default test" finished-at="2021-11-22T19:41:52Z" duration-ms="59807">
      <class name="tst.Runner">
        <test-method is-config="true" signature="setUp()[pri:0, instance:tst.Runner@78aa1f72]" started-at="2021-11-22T19:40:52Z" name="setUp" finished-at="2021-11-22T19:41:03Z" duration-ms="10849" status="PASS">
          <reporter-output>
          </reporter-output>
        </test-method> <!-- setUp -->
        <test-method signature="validateTicketPrice(java.lang.String, java.lang.String)[pri:0, instance:tst.Runner@78aa1f72]" started-at="2021-11-22T19:41:03Z" name="validateTicketPrice" description="validate Ticket price" data-provider="testData" finished-at="2021-11-22T19:41:15Z" duration-ms="11981" status="PASS">
          <params>
            <param index="0">
              <value>
                <![CDATA[Kolkata (CCU)]]>
              </value>
            </param>
            <param index="1">
              <value>
                <![CDATA[Jammu (IXJ)]]>
              </value>
            </param>
          </params>
          <reporter-output>
          </reporter-output>
        </test-method> <!-- validateTicketPrice -->
        <test-method signature="validateTicketPrice(java.lang.String, java.lang.String)[pri:0, instance:tst.Runner@78aa1f72]" started-at="2021-11-22T19:41:15Z" name="validateTicketPrice" description="validate Ticket price" data-provider="testData" finished-at="2021-11-22T19:41:33Z" duration-ms="17907" status="PASS">
          <params>
            <param index="0">
              <value>
                <![CDATA[Kolkata (CCU)]]>
              </value>
            </param>
            <param index="1">
              <value>
                <![CDATA[Goa (GOI)]]>
              </value>
            </param>
          </params>
          <reporter-output>
          </reporter-output>
        </test-method> <!-- validateTicketPrice -->
        <test-method signature="validateTicketPrice(java.lang.String, java.lang.String)[pri:0, instance:tst.Runner@78aa1f72]" started-at="2021-11-22T19:41:33Z" name="validateTicketPrice" description="validate Ticket price" data-provider="testData" finished-at="2021-11-22T19:41:51Z" duration-ms="18148" status="PASS">
          <params>
            <param index="0">
              <value>
                <![CDATA[Mumbai (BOM)]]>
              </value>
            </param>
            <param index="1">
              <value>
                <![CDATA[Kolkata (CCU)]]>
              </value>
            </param>
          </params>
          <reporter-output>
          </reporter-output>
        </test-method> <!-- validateTicketPrice -->
        <test-method is-config="true" signature="tearDown()[pri:0, instance:tst.Runner@78aa1f72]" started-at="2021-11-22T19:41:51Z" name="tearDown" finished-at="2021-11-22T19:41:52Z" duration-ms="897" status="PASS">
          <reporter-output>
          </reporter-output>
        </test-method> <!-- tearDown -->
      </class> <!-- tst.Runner -->
    </test> <!-- Default test -->
  </suite> <!-- Default suite -->
</testng-results>
